[debug] [2021-05-24T09:04:39.941Z] ----------------------------------------------------------------------
[debug] [2021-05-24T09:04:39.943Z] Command:       C:\Program Files\nodejs\node.exe C:\Users\User\AppData\Roaming\npm\node_modules\firebase-tools\lib\bin\firebase.js init
[debug] [2021-05-24T09:04:39.943Z] CLI Version:   9.11.0
[debug] [2021-05-24T09:04:39.943Z] Platform:      win32
[debug] [2021-05-24T09:04:39.944Z] Node Version:  v16.2.0
[debug] [2021-05-24T09:04:39.944Z] Time:          Mon May 24 2021 16:04:39 GMT+0700 (เวลาอินโดจีน)
[debug] [2021-05-24T09:04:39.944Z] ----------------------------------------------------------------------
[debug] 
[debug] [2021-05-24T09:04:39.949Z] > command requires scopes: ["email","openid","https://www.googleapis.com/auth/cloudplatformprojects.readonly","https://www.googleapis.com/auth/firebase","https://www.googleapis.com/auth/cloud-platform"]
[debug] [2021-05-24T09:04:39.950Z] > authorizing via signed-in user (jutamarspw@kkumail.com)
[info] 
     ######## #### ########  ######## ########     ###     ######  ########
     ##        ##  ##     ## ##       ##     ##  ##   ##  ##       ##
     ######    ##  ########  ######   ########  #########  ######  ######
     ##        ##  ##    ##  ##       ##     ## ##     ##       ## ##
     ##       #### ##     ## ######## ########  ##     ##  ######  ########

You're about to initialize a Firebase project in this directory:

  C:\Users\User\Downloads\Project_WebGame\Tic Tac Toe_Game

Before we get started, keep in mind:

  * You are initializing in an existing Firebase project directory

[info] 
=== Project Setup
[info] 
[info] First, let's associate this project directory with a Firebase project.
[info] You can create multiple project aliases by running firebase use --add, 
[info] but for now we'll just set up a default project.
[info] 
[debug] [2021-05-24T09:05:40.743Z] >>> [apiv2][query] GET https://firebase.googleapis.com/v1beta1/projects pageSize=100
[debug] [2021-05-24T09:05:41.248Z] <<< [apiv2][status] GET https://firebase.googleapis.com/v1beta1/projects 200
[debug] [2021-05-24T09:05:41.249Z] <<< [apiv2][body] GET https://firebase.googleapis.com/v1beta1/projects [omitted]
[info] i  Using project tic-tac-toe---adsirn (Tic Tac Toe - Adsirn) 
[info] 
=== Hosting Setup
[info] 
[info] Your public directory is the folder (relative to your project directory) that
[info] will contain Hosting assets to be uploaded with firebase deploy. If you
[info] have a build process for your assets, use your build's output directory.
[info] 
[info] +  Wrote public/404.html 
[debug] [2021-05-24T09:07:17.641Z] >>> [apiv2][query] GET https://www.gstatic.com/firebasejs/releases.json [none]
[debug] [2021-05-24T09:07:17.766Z] <<< [apiv2][status] GET https://www.gstatic.com/firebasejs/releases.json 200
[debug] [2021-05-24T09:07:17.767Z] <<< [apiv2][body] GET https://www.gstatic.com/firebasejs/releases.json {"current":{"version":"8.6.2","browserURL":"https://www.gstatic.com/firebasejs/8.6.2/firebase.js","packageURL":"https://www.gstatic.com/firebasejs/8.6.2/firebase.tgz"},"live":{"version":"8.6","browserURL":"https://www.gstatic.com/firebasejs/live/8.6/firebase.js","packageURL":"https://www.gstatic.com/firebasejs/live/8.6/firebase.tgz"},"components":{"analytics":"https://www.gstatic.com/firebasejs/8.6.2/firebase-analytics.js","app":"https://www.gstatic.com/firebasejs/8.6.2/firebase-app.js","app-check":"https://www.gstatic.com/firebasejs/8.6.2/firebase-app-check.js","auth":"https://www.gstatic.com/firebasejs/8.6.2/firebase-auth.js","database":"https://www.gstatic.com/firebasejs/8.6.2/firebase-database.js","firestore":"https://www.gstatic.com/firebasejs/8.6.2/firebase-firestore.js","functions":"https://www.gstatic.com/firebasejs/8.6.2/firebase-functions.js","installations":"https://www.gstatic.com/firebasejs/8.6.2/firebase-installations.js","messaging":"https://www.gstatic.com/firebasejs/8.6.2/firebase-messaging.js","storage":"https://www.gstatic.com/firebasejs/8.6.2/firebase-storage.js","performance":"https://www.gstatic.com/firebasejs/8.6.2/firebase-performance.js","remote-config":"https://www.gstatic.com/firebasejs/8.6.2/firebase-remote-config.js","firestore.memory":"https://www.gstatic.com/firebasejs/8.6.2/firebase-firestore.memory.js"}}
[info] +  Wrote public/index.html 
[info] 
[info] i  Didn't detect a .git folder. Assuming C:\Users\User\Downloads\Project_WebGame\Tic Tac Toe_Game is the project root. 
[info] i  Authorizing with GitHub to upload your service account to a GitHub repository's secrets store. 
[info] 
[info] Visit this URL on this device to log in:
[info] https://github.com/login/oauth/authorize?client_id=89cf50f02ac6aaed3484&state=373218294&redirect_uri=http%3A%2F%2Flocalhost%3A9005&scope=read%3Auser%20repo%20public_repo
[info] 
[info] Waiting for authentication...
[debug] [2021-05-24T09:11:47.486Z] >>> HTTP REQUEST POST https://github.com/login/oauth/access_token  
 {"client_id":"89cf50f02ac6aaed3484","client_secret":"3330d14abc895d9a74d5f17cd7a00711fa2c5bf0","code":"6815d355b0c8a93ff45c","redirect_uri":"http://localhost:9005","state":"373218294"}
[debug] [2021-05-24T09:11:47.936Z] <<< HTTP RESPONSE 200 {"server":"GitHub.com","date":"Mon, 24 May 2021 09:11:48 GMT","content-type":"application/json; charset=utf-8","transfer-encoding":"chunked","vary":"X-PJAX, Accept-Encoding, Accept, X-Requested-With","permissions-policy":"interest-cohort=()","etag":"W/\"11ebf9dfa4aa4ec7e391e792f05485b9\"","cache-control":"max-age=0, private, must-revalidate","strict-transport-security":"max-age=31536000; includeSubdomains; preload","x-frame-options":"deny","x-content-type-options":"nosniff","x-xss-protection":"0","referrer-policy":"origin-when-cross-origin, strict-origin-when-cross-origin","expect-ct":"max-age=2592000, report-uri=\"https://api.github.com/_private/browser/errors\"","content-security-policy":"default-src 'none'; base-uri 'self'; block-all-mixed-content; connect-src 'self' uploads.github.com www.githubstatus.com collector.githubapp.com api.github.com github-cloud.s3.amazonaws.com github-production-repository-file-5c1aeb.s3.amazonaws.com github-production-upload-manifest-file-7fdce7.s3.amazonaws.com github-production-user-asset-6210df.s3.amazonaws.com cdn.optimizely.com logx.optimizely.com/v1/events wss://alive.github.com; font-src github.githubassets.com; form-action 'self' github.com gist.github.com; frame-ancestors 'none'; frame-src render.githubusercontent.com; img-src 'self' data: github.githubassets.com identicons.github.com collector.githubapp.com github-cloud.s3.amazonaws.com secured-user-images.githubusercontent.com/ *.githubusercontent.com; manifest-src 'self'; media-src 'none'; script-src github.githubassets.com; style-src 'unsafe-inline' github.githubassets.com; worker-src github.com/socket-worker-3f088aa2.js gist.github.com/socket-worker-3f088aa2.js","x-github-request-id":"FE4B:6D2F:1FFD013:223A96B:60AB6DD3"}
[debug] [2021-05-24T09:11:47.968Z] >>> [apiv2][query] GET https://api.github.com/user [none]
[debug] [2021-05-24T09:11:48.437Z] <<< [apiv2][status] GET https://api.github.com/user 200
[debug] [2021-05-24T09:11:48.438Z] <<< [apiv2][body] GET https://api.github.com/user {"login":"jutamars","id":71580927,"node_id":"MDQ6VXNlcjcxNTgwOTI3","avatar_url":"https://avatars.githubusercontent.com/u/71580927?v=4","gravatar_id":"","url":"https://api.github.com/users/jutamars","html_url":"https://github.com/jutamars","followers_url":"https://api.github.com/users/jutamars/followers","following_url":"https://api.github.com/users/jutamars/following{/other_user}","gists_url":"https://api.github.com/users/jutamars/gists{/gist_id}","starred_url":"https://api.github.com/users/jutamars/starred{/owner}{/repo}","subscriptions_url":"https://api.github.com/users/jutamars/subscriptions","organizations_url":"https://api.github.com/users/jutamars/orgs","repos_url":"https://api.github.com/users/jutamars/repos","events_url":"https://api.github.com/users/jutamars/events{/privacy}","received_events_url":"https://api.github.com/users/jutamars/received_events","type":"User","site_admin":false,"name":"Jutamars Phuyawong","company":null,"blog":"","location":null,"email":null,"hireable":null,"bio":"613020634-4 CS-VIP","twitter_username":null,"public_repos":6,"public_gists":0,"followers":0,"following":0,"created_at":"2020-09-20T05:29:11Z","updated_at":"2021-05-24T09:08:37Z","private_gists":0,"total_private_repos":0,"owned_private_repos":0,"disk_usage":4840,"collaborators":0,"two_factor_authentication":false,"plan":{"name":"free","space":976562499,"collaborators":0,"private_repos":10000}}
[info] 
[info] +  Success! Logged into GitHub as jutamars 
[info] 
